This file contains any messages produced by compilers while
running configure, to aid debugging if configure makes a mistake.

It was created by libnfc_nci_linux configure 1.0, which was
generated by GNU Autoconf 2.69.  Invocation command line was

  $ ./configure --enable-lpcusbsio

## --------- ##
## Platform. ##
## --------- ##

hostname = mio2361-desktop
uname -m = x86_64
uname -r = 5.15.0-46-generic
uname -s = Linux
uname -v = #49~20.04.1-Ubuntu SMP Thu Aug 4 19:15:44 UTC 2022

/usr/bin/uname -p = x86_64
/bin/uname -X     = unknown

/bin/arch              = x86_64
/usr/bin/arch -k       = unknown
/usr/convex/getsysinfo = unknown
/usr/bin/hostinfo      = unknown
/bin/machine           = unknown
/usr/bin/oslevel       = unknown
/bin/universe          = unknown

PATH: /usr/local/sbin
PATH: /usr/local/bin
PATH: /usr/sbin
PATH: /usr/bin
PATH: /sbin
PATH: /bin
PATH: /snap/bin


## ----------- ##
## Core tests. ##
## ----------- ##

configure:2629: checking for a BSD-compatible install
configure:2697: result: /usr/bin/install -c
configure:2708: checking whether build environment is sane
configure:2763: result: yes
configure:2912: checking for a thread-safe mkdir -p
configure:2951: result: /usr/bin/mkdir -p
configure:2958: checking for gawk
configure:2988: result: no
configure:2958: checking for mawk
configure:2974: found /usr/bin/mawk
configure:2985: result: mawk
configure:2996: checking whether make sets $(MAKE)
configure:3018: result: yes
configure:3047: checking whether make supports nested variables
configure:3064: result: yes
configure:3252: checking for g++
configure:3268: found /usr/bin/g++
configure:3279: result: g++
configure:3306: checking for C++ compiler version
configure:3315: g++ --version >&5
g++ (Ubuntu 9.4.0-1ubuntu1~20.04.1) 9.4.0
Copyright (C) 2019 Free Software Foundation, Inc.
This is free software; see the source for copying conditions.  There is NO
warranty; not even for MERCHANTABILITY or FITNESS FOR A PARTICULAR PURPOSE.

configure:3326: $? = 0
configure:3315: g++ -v >&5
Using built-in specs.
COLLECT_GCC=g++
COLLECT_LTO_WRAPPER=/usr/lib/gcc/x86_64-linux-gnu/9/lto-wrapper
OFFLOAD_TARGET_NAMES=nvptx-none:hsa
OFFLOAD_TARGET_DEFAULT=1
Target: x86_64-linux-gnu
Configured with: ../src/configure -v --with-pkgversion='Ubuntu 9.4.0-1ubuntu1~20.04.1' --with-bugurl=file:///usr/share/doc/gcc-9/README.Bugs --enable-languages=c,ada,c++,go,brig,d,fortran,objc,obj-c++,gm2 --prefix=/usr --with-gcc-major-version-only --program-suffix=-9 --program-prefix=x86_64-linux-gnu- --enable-shared --enable-linker-build-id --libexecdir=/usr/lib --without-included-gettext --enable-threads=posix --libdir=/usr/lib --enable-nls --enable-clocale=gnu --enable-libstdcxx-debug --enable-libstdcxx-time=yes --with-default-libstdcxx-abi=new --enable-gnu-unique-object --disable-vtable-verify --enable-plugin --enable-default-pie --with-system-zlib --with-target-system-zlib=auto --enable-objc-gc=auto --enable-multiarch --disable-werror --with-arch-32=i686 --with-abi=m64 --with-multilib-list=m32,m64,mx32 --enable-multilib --with-tune=generic --enable-offload-targets=nvptx-none=/build/gcc-9-Av3uEd/gcc-9-9.4.0/debian/tmp-nvptx/usr,hsa --without-cuda-driver --enable-checking=release --build=x86_64-linux-gnu --host=x86_64-linux-gnu --target=x86_64-linux-gnu
Thread model: posix
gcc version 9.4.0 (Ubuntu 9.4.0-1ubuntu1~20.04.1) 
configure:3326: $? = 0
configure:3315: g++ -V >&5
g++: error: unrecognized command line option '-V'
g++: fatal error: no input files
compilation terminated.
configure:3326: $? = 1
configure:3315: g++ -qversion >&5
g++: error: unrecognized command line option '-qversion'; did you mean '--version'?
g++: fatal error: no input files
compilation terminated.
configure:3326: $? = 1
configure:3346: checking whether the C++ compiler works
configure:3368: g++    conftest.cpp  >&5
configure:3372: $? = 0
configure:3420: result: yes
configure:3423: checking for C++ compiler default output file name
configure:3425: result: a.out
configure:3431: checking for suffix of executables
configure:3438: g++ -o conftest    conftest.cpp  >&5
configure:3442: $? = 0
configure:3464: result: 
configure:3486: checking whether we are cross compiling
configure:3494: g++ -o conftest    conftest.cpp  >&5
configure:3498: $? = 0
configure:3505: ./conftest
configure:3509: $? = 0
configure:3497: result: no
configure:3502: checking for suffix of object files
configure:3524: g++ -c   conftest.cpp >&5
configure:3528: $? = 0
configure:3549: result: o
configure:3553: checking whether we are using the GNU C++ compiler
configure:3572: g++ -c   conftest.cpp >&5
configure:3572: $? = 0
configure:3581: result: yes
configure:3590: checking whether g++ accepts -g
configure:3610: g++ -c -g  conftest.cpp >&5
configure:3610: $? = 0
configure:3651: result: yes
configure:3677: checking whether make supports the include directive
configure:3692: make -f confmf.GNU && cat confinc.out
this is the am__doit target
configure:3695: $? = 0
configure:3714: result: yes (GNU style)
configure:3739: checking dependency style of g++
configure:3850: result: gcc3
configure:3913: checking for gcc
configure:3929: found /usr/bin/gcc
configure:3940: result: gcc
configure:4169: checking for C compiler version
configure:4178: gcc --version >&5
gcc (Ubuntu 9.4.0-1ubuntu1~20.04.1) 9.4.0
Copyright (C) 2019 Free Software Foundation, Inc.
This is free software; see the source for copying conditions.  There is NO
warranty; not even for MERCHANTABILITY or FITNESS FOR A PARTICULAR PURPOSE.

configure:4189: $? = 0
configure:4178: gcc -v >&5
Using built-in specs.
COLLECT_GCC=gcc
COLLECT_LTO_WRAPPER=/usr/lib/gcc/x86_64-linux-gnu/9/lto-wrapper
OFFLOAD_TARGET_NAMES=nvptx-none:hsa
OFFLOAD_TARGET_DEFAULT=1
Target: x86_64-linux-gnu
Configured with: ../src/configure -v --with-pkgversion='Ubuntu 9.4.0-1ubuntu1~20.04.1' --with-bugurl=file:///usr/share/doc/gcc-9/README.Bugs --enable-languages=c,ada,c++,go,brig,d,fortran,objc,obj-c++,gm2 --prefix=/usr --with-gcc-major-version-only --program-suffix=-9 --program-prefix=x86_64-linux-gnu- --enable-shared --enable-linker-build-id --libexecdir=/usr/lib --without-included-gettext --enable-threads=posix --libdir=/usr/lib --enable-nls --enable-clocale=gnu --enable-libstdcxx-debug --enable-libstdcxx-time=yes --with-default-libstdcxx-abi=new --enable-gnu-unique-object --disable-vtable-verify --enable-plugin --enable-default-pie --with-system-zlib --with-target-system-zlib=auto --enable-objc-gc=auto --enable-multiarch --disable-werror --with-arch-32=i686 --with-abi=m64 --with-multilib-list=m32,m64,mx32 --enable-multilib --with-tune=generic --enable-offload-targets=nvptx-none=/build/gcc-9-Av3uEd/gcc-9-9.4.0/debian/tmp-nvptx/usr,hsa --without-cuda-driver --enable-checking=release --build=x86_64-linux-gnu --host=x86_64-linux-gnu --target=x86_64-linux-gnu
Thread model: posix
gcc version 9.4.0 (Ubuntu 9.4.0-1ubuntu1~20.04.1) 
configure:4189: $? = 0
configure:4178: gcc -V >&5
gcc: error: unrecognized command line option '-V'
gcc: fatal error: no input files
compilation terminated.
configure:4189: $? = 1
configure:4178: gcc -qversion >&5
gcc: error: unrecognized command line option '-qversion'; did you mean '--version'?
gcc: fatal error: no input files
compilation terminated.
configure:4189: $? = 1
configure:4193: checking whether we are using the GNU C compiler
configure:4212: gcc -c   conftest.c >&5
configure:4212: $? = 0
configure:4221: result: yes
configure:4230: checking whether gcc accepts -g
configure:4250: gcc -c -g  conftest.c >&5
configure:4250: $? = 0
configure:4291: result: yes
configure:4308: checking for gcc option to accept ISO C89
configure:4371: gcc  -c -g -O2  conftest.c >&5
configure:4371: $? = 0
configure:4384: result: none needed
configure:4409: checking whether gcc understands -c and -o together
configure:4431: gcc -c conftest.c -o conftest2.o
configure:4434: $? = 0
configure:4431: gcc -c conftest.c -o conftest2.o
configure:4434: $? = 0
configure:4446: result: yes
configure:4465: checking dependency style of gcc
configure:4576: result: gcc3
configure:4620: checking build system type
configure:4634: result: x86_64-pc-linux-gnu
configure:4654: checking host system type
configure:4667: result: x86_64-pc-linux-gnu
configure:4708: checking how to print strings
configure:4735: result: printf
configure:4756: checking for a sed that does not truncate output
configure:4820: result: /usr/bin/sed
configure:4838: checking for grep that handles long lines and -e
configure:4896: result: /usr/bin/grep
configure:4901: checking for egrep
configure:4963: result: /usr/bin/grep -E
configure:4968: checking for fgrep
configure:5030: result: /usr/bin/grep -F
configure:5065: checking for ld used by gcc
configure:5132: result: /usr/bin/ld
configure:5139: checking if the linker (/usr/bin/ld) is GNU ld
configure:5154: result: yes
configure:5166: checking for BSD- or MS-compatible name lister (nm)
configure:5220: result: /usr/bin/nm -B
configure:5350: checking the name lister (/usr/bin/nm -B) interface
configure:5357: gcc -c -g -O2  conftest.c >&5
configure:5360: /usr/bin/nm -B "conftest.o"
configure:5363: output
0000000000000000 B some_variable
configure:5364: result: BSD nm
configure:5367: checking whether ln -s works
configure:5371: result: yes
configure:5379: checking the maximum length of command line arguments
configure:5510: result: 1572864
configure:5558: checking how to convert x86_64-pc-linux-gnu file names to x86_64-pc-linux-gnu format
configure:5598: result: func_convert_file_noop
configure:5605: checking how to convert x86_64-pc-linux-gnu file names to toolchain format
configure:5625: result: func_convert_file_noop
configure:5632: checking for /usr/bin/ld option to reload object files
configure:5639: result: -r
configure:5713: checking for objdump
configure:5729: found /usr/bin/objdump
configure:5740: result: objdump
configure:5772: checking how to recognize dependent libraries
configure:5972: result: pass_all
configure:6057: checking for dlltool
configure:6087: result: no
configure:6117: checking how to associate runtime and link libraries
configure:6144: result: printf %s\n
configure:6205: checking for ar
configure:6221: found /usr/bin/ar
configure:6232: result: ar
configure:6269: checking for archiver @FILE support
configure:6286: gcc -c -g -O2  conftest.c >&5
configure:6286: $? = 0
configure:6289: ar cr libconftest.a @conftest.lst >&5
configure:6292: $? = 0
configure:6297: ar cr libconftest.a @conftest.lst >&5
ar: conftest.o: No such file or directory
configure:6300: $? = 1
configure:6299: result: @
configure:6357: checking for strip
configure:6373: found /usr/bin/strip
configure:6384: result: strip
configure:6456: checking for ranlib
configure:6472: found /usr/bin/ranlib
configure:6483: result: ranlib
configure:6585: checking command to parse /usr/bin/nm -B output from gcc object
configure:6738: gcc -c -g -O2  conftest.c >&5
configure:6741: $? = 0
configure:6745: /usr/bin/nm -B conftest.o | sed -n -e 's/^.*[	 ]\([ABCDGIRSTW][ABCDGIRSTW]*\)[	 ][	 ]*\([_A-Za-z][_A-Za-z0-9]*\)$/\1 \2 \2/p' | sed '/ __gnu_lto/d' > conftest.nm
configure:6811: gcc -o conftest -g -O2   conftest.c conftstm.o >&5
configure:6814: $? = 0
configure:6852: result: ok
configure:6899: checking for sysroot
configure:6929: result: no
configure:6936: checking for a working dd
configure:6974: result: /usr/bin/dd
configure:6978: checking how to truncate binary pipes
configure:6993: result: /usr/bin/dd bs=4096 count=1
configure:7129: gcc -c -g -O2  conftest.c >&5
configure:7132: $? = 0
configure:7322: checking for mt
configure:7338: found /usr/bin/mt
configure:7349: result: mt
configure:7372: checking if mt is a manifest tool
configure:7378: mt '-?'
configure:7386: result: no
configure:8063: checking how to run the C preprocessor
configure:8094: gcc -E  conftest.c
configure:8094: $? = 0
configure:8108: gcc -E  conftest.c
conftest.c:11:10: fatal error: ac_nonexistent.h: No such file or directory
   11 | #include <ac_nonexistent.h>
      |          ^~~~~~~~~~~~~~~~~~
compilation terminated.
configure:8108: $? = 1
configure: failed program was:
| /* confdefs.h */
| #define PACKAGE_NAME "libnfc_nci_linux"
| #define PACKAGE_TARNAME "libnfc_nci_linux"
| #define PACKAGE_VERSION "1.0"
| #define PACKAGE_STRING "libnfc_nci_linux 1.0"
| #define PACKAGE_BUGREPORT ""
| #define PACKAGE_URL ""
| #define PACKAGE "libnfc_nci_linux"
| #define VERSION "1.0"
| /* end confdefs.h.  */
| #include <ac_nonexistent.h>
configure:8133: result: gcc -E
configure:8153: gcc -E  conftest.c
configure:8153: $? = 0
configure:8167: gcc -E  conftest.c
conftest.c:11:10: fatal error: ac_nonexistent.h: No such file or directory
   11 | #include <ac_nonexistent.h>
      |          ^~~~~~~~~~~~~~~~~~
compilation terminated.
configure:8167: $? = 1
configure: failed program was:
| /* confdefs.h */
| #define PACKAGE_NAME "libnfc_nci_linux"
| #define PACKAGE_TARNAME "libnfc_nci_linux"
| #define PACKAGE_VERSION "1.0"
| #define PACKAGE_STRING "libnfc_nci_linux 1.0"
| #define PACKAGE_BUGREPORT ""
| #define PACKAGE_URL ""
| #define PACKAGE "libnfc_nci_linux"
| #define VERSION "1.0"
| /* end confdefs.h.  */
| #include <ac_nonexistent.h>
configure:8196: checking for ANSI C header files
configure:8216: gcc -c -g -O2  conftest.c >&5
configure:8216: $? = 0
configure:8289: gcc -o conftest -g -O2   conftest.c  >&5
configure:8289: $? = 0
configure:8289: ./conftest
configure:8289: $? = 0
configure:8300: result: yes
configure:8313: checking for sys/types.h
configure:8313: gcc -c -g -O2  conftest.c >&5
configure:8313: $? = 0
configure:8313: result: yes
configure:8313: checking for sys/stat.h
configure:8313: gcc -c -g -O2  conftest.c >&5
configure:8313: $? = 0
configure:8313: result: yes
configure:8313: checking for stdlib.h
configure:8313: gcc -c -g -O2  conftest.c >&5
configure:8313: $? = 0
configure:8313: result: yes
configure:8313: checking for string.h
configure:8313: gcc -c -g -O2  conftest.c >&5
configure:8313: $? = 0
configure:8313: result: yes
configure:8313: checking for memory.h
configure:8313: gcc -c -g -O2  conftest.c >&5
configure:8313: $? = 0
configure:8313: result: yes
configure:8313: checking for strings.h
configure:8313: gcc -c -g -O2  conftest.c >&5
configure:8313: $? = 0
configure:8313: result: yes
configure:8313: checking for inttypes.h
configure:8313: gcc -c -g -O2  conftest.c >&5
configure:8313: $? = 0
configure:8313: result: yes
configure:8313: checking for stdint.h
configure:8313: gcc -c -g -O2  conftest.c >&5
configure:8313: $? = 0
configure:8313: result: yes
configure:8313: checking for unistd.h
configure:8313: gcc -c -g -O2  conftest.c >&5
configure:8313: $? = 0
configure:8313: result: yes
configure:8327: checking for dlfcn.h
configure:8327: gcc -c -g -O2  conftest.c >&5
configure:8327: $? = 0
configure:8327: result: yes
configure:8594: checking for objdir
configure:8609: result: .libs
configure:8873: checking if gcc supports -fno-rtti -fno-exceptions
configure:8891: gcc -c -g -O2  -fno-rtti -fno-exceptions conftest.c >&5
cc1: warning: command line option '-fno-rtti' is valid for C++/D/ObjC++ but not for C
configure:8895: $? = 0
configure:8908: result: no
configure:9272: checking for gcc option to produce PIC
configure:9279: result: -fPIC -DPIC
configure:9287: checking if gcc PIC flag -fPIC -DPIC works
configure:9305: gcc -c -g -O2  -fPIC -DPIC -DPIC conftest.c >&5
configure:9309: $? = 0
configure:9322: result: yes
configure:9351: checking if gcc static flag -static works
configure:9379: result: yes
configure:9394: checking if gcc supports -c -o file.o
configure:9415: gcc -c -g -O2  -o out/conftest2.o conftest.c >&5
configure:9419: $? = 0
configure:9441: result: yes
configure:9449: checking if gcc supports -c -o file.o
configure:9496: result: yes
configure:9529: checking whether the gcc linker (/usr/bin/ld -m elf_x86_64) supports shared libraries
configure:10792: result: yes
configure:10829: checking whether -lc should be explicitly linked in
configure:10837: gcc -c -g -O2  conftest.c >&5
configure:10840: $? = 0
configure:10855: gcc -shared  -fPIC -DPIC conftest.o  -v -Wl,-soname -Wl,conftest -o conftest 2\>\&1 \| /usr/bin/grep  -lc  \>/dev/null 2\>\&1
configure:10858: $? = 0
configure:10872: result: no
configure:11032: checking dynamic linker characteristics
configure:11613: gcc -o conftest -g -O2   -Wl,-rpath -Wl,/foo conftest.c  >&5
configure:11613: $? = 0
configure:11862: result: GNU/Linux ld.so
configure:11984: checking how to hardcode library paths into programs
configure:12009: result: immediate
configure:12557: checking whether stripping libraries is possible
configure:12562: result: yes
configure:12597: checking if libtool supports shared libraries
configure:12599: result: yes
configure:12602: checking whether to build shared libraries
configure:12627: result: yes
configure:12630: checking whether to build static libraries
configure:12634: result: yes
configure:9433: checking how to run the C++ preprocessor
configure:9460: g++ -E  conftest.cpp
configure:9460: $? = 0
configure:9474: g++ -E  conftest.cpp
conftest.cpp:23:10: fatal error: ac_nonexistent.h: No such file or directory
   23 | #include <ac_nonexistent.h>
      |          ^~~~~~~~~~~~~~~~~~
compilation terminated.
configure:9474: $? = 1
configure: failed program was:
| /* confdefs.h */
| #define PACKAGE_NAME "libnfc_nci_linux"
| #define PACKAGE_TARNAME "libnfc_nci_linux"
| #define PACKAGE_VERSION "1.0"
| #define PACKAGE_STRING "libnfc_nci_linux 1.0"
| #define PACKAGE_BUGREPORT ""
| #define PACKAGE_URL ""
| #define PACKAGE "libnfc_nci_linux"
| #define VERSION "1.0"
| #define STDC_HEADERS 1
| #define HAVE_SYS_TYPES_H 1
| #define HAVE_SYS_STAT_H 1
| #define HAVE_STDLIB_H 1
| #define HAVE_STRING_H 1
| #define HAVE_MEMORY_H 1
| #define HAVE_STRINGS_H 1
| #define HAVE_INTTYPES_H 1
| #define HAVE_STDINT_H 1
| #define HAVE_UNISTD_H 1
| #define HAVE_DLFCN_H 1
| #define LT_OBJDIR ".libs/"
| /* end confdefs.h.  */
| #include <ac_nonexistent.h>
configure:9499: result: g++ -E
configure:9519: g++ -E  conftest.cpp
configure:9519: $? = 0
configure:9533: g++ -E  conftest.cpp
conftest.cpp:23:10: fatal error: ac_nonexistent.h: No such file or directory
   23 | #include <ac_nonexistent.h>
      |          ^~~~~~~~~~~~~~~~~~
compilation terminated.
configure:9533: $? = 1
configure: failed program was:
| /* confdefs.h */
| #define PACKAGE_NAME "libnfc_nci_linux"
| #define PACKAGE_TARNAME "libnfc_nci_linux"
| #define PACKAGE_VERSION "1.0"
| #define PACKAGE_STRING "libnfc_nci_linux 1.0"
| #define PACKAGE_BUGREPORT ""
| #define PACKAGE_URL ""
| #define PACKAGE "libnfc_nci_linux"
| #define VERSION "1.0"
| #define STDC_HEADERS 1
| #define HAVE_SYS_TYPES_H 1
| #define HAVE_SYS_STAT_H 1
| #define HAVE_STDLIB_H 1
| #define HAVE_STRING_H 1
| #define HAVE_MEMORY_H 1
| #define HAVE_STRINGS_H 1
| #define HAVE_INTTYPES_H 1
| #define HAVE_STDINT_H 1
| #define HAVE_UNISTD_H 1
| #define HAVE_DLFCN_H 1
| #define LT_OBJDIR ".libs/"
| /* end confdefs.h.  */
| #include <ac_nonexistent.h>
configure:9695: checking for ld used by g++
configure:9762: result: /usr/bin/ld -m elf_x86_64
configure:9769: checking if the linker (/usr/bin/ld -m elf_x86_64) is GNU ld
configure:9784: result: yes
configure:9839: checking whether the g++ linker (/usr/bin/ld -m elf_x86_64) supports shared libraries
configure:10912: result: yes
configure:10948: g++ -c -g -O2  conftest.cpp >&5
configure:10951: $? = 0
configure:11432: checking for g++ option to produce PIC
configure:11439: result: -fPIC -DPIC
configure:11447: checking if g++ PIC flag -fPIC -DPIC works
configure:11465: g++ -c -g -O2  -fPIC -DPIC -DPIC conftest.cpp >&5
configure:11469: $? = 0
configure:11482: result: yes
configure:11505: checking if g++ static flag -static works
configure:11533: result: yes
configure:11545: checking if g++ supports -c -o file.o
configure:11566: g++ -c -g -O2  -o out/conftest2.o conftest.cpp >&5
configure:11570: $? = 0
configure:11592: result: yes
configure:11597: checking if g++ supports -c -o file.o
configure:11644: result: yes
configure:11674: checking whether the g++ linker (/usr/bin/ld -m elf_x86_64) supports shared libraries
configure:11717: result: yes
configure:11858: checking dynamic linker characteristics
configure:12615: result: GNU/Linux ld.so
configure:12680: checking how to hardcode library paths into programs
configure:12705: result: immediate
configure:11607: checking for stdint.h
configure:11607: result: yes
configure:11607: checking for stdlib.h
configure:11607: result: yes
configure:11607: checking for string.h
configure:11607: result: yes
configure:11607: checking sys/time.h usability
configure:11607: gcc -c -g -O2  conftest.c >&5
configure:11607: $? = 0
configure:11607: result: yes
configure:11607: checking sys/time.h presence
configure:11607: gcc -E  conftest.c
configure:11607: $? = 0
configure:11607: result: yes
configure:11607: checking for sys/time.h
configure:11607: result: yes
configure:11607: checking for unistd.h
configure:11607: result: yes
configure:11620: checking fcntl.h usability
configure:11620: gcc -c -g -O2  conftest.c >&5
configure:11620: $? = 0
configure:11620: result: yes
configure:11620: checking fcntl.h presence
configure:11620: gcc -E  conftest.c
configure:11620: $? = 0
configure:11620: result: yes
configure:11620: checking for fcntl.h
configure:11620: result: yes
configure:11620: checking sys/ioctl.h usability
configure:11620: gcc -c -g -O2  conftest.c >&5
configure:11620: $? = 0
configure:11620: result: yes
configure:11620: checking sys/ioctl.h presence
configure:11620: gcc -E  conftest.c
configure:11620: $? = 0
configure:11620: result: yes
configure:11620: checking for sys/ioctl.h
configure:11620: result: yes
configure:11620: checking termios.h usability
configure:11620: gcc -c -g -O2  conftest.c >&5
configure:11620: $? = 0
configure:11620: result: yes
configure:11620: checking termios.h presence
configure:11620: gcc -E  conftest.c
configure:11620: $? = 0
configure:11620: result: yes
configure:11620: checking for termios.h
configure:11620: result: yes
configure:11632: checking malloc.h usability
configure:11632: gcc -c -g -O2  conftest.c >&5
configure:11632: $? = 0
configure:11632: result: yes
configure:11632: checking malloc.h presence
configure:11632: gcc -E  conftest.c
configure:11632: $? = 0
configure:11632: result: yes
configure:11632: checking for malloc.h
configure:11632: result: yes
configure:11644: checking for stdbool.h that conforms to C99
configure:11711: gcc -c -g -O2  conftest.c >&5
configure:11711: $? = 0
configure:11718: result: yes
configure:11720: checking for _Bool
configure:11720: gcc -c -g -O2  conftest.c >&5
configure:11720: $? = 0
configure:11720: gcc -c -g -O2  conftest.c >&5
conftest.c: In function 'main':
conftest.c:68:20: error: expected expression before ')' token
   68 | if (sizeof ((_Bool)))
      |                    ^
configure:11720: $? = 1
configure: failed program was:
| /* confdefs.h */
| #define PACKAGE_NAME "libnfc_nci_linux"
| #define PACKAGE_TARNAME "libnfc_nci_linux"
| #define PACKAGE_VERSION "1.0"
| #define PACKAGE_STRING "libnfc_nci_linux 1.0"
| #define PACKAGE_BUGREPORT ""
| #define PACKAGE_URL ""
| #define PACKAGE "libnfc_nci_linux"
| #define VERSION "1.0"
| #define STDC_HEADERS 1
| #define HAVE_SYS_TYPES_H 1
| #define HAVE_SYS_STAT_H 1
| #define HAVE_STDLIB_H 1
| #define HAVE_STRING_H 1
| #define HAVE_MEMORY_H 1
| #define HAVE_STRINGS_H 1
| #define HAVE_INTTYPES_H 1
| #define HAVE_STDINT_H 1
| #define HAVE_UNISTD_H 1
| #define HAVE_DLFCN_H 1
| #define LT_OBJDIR ".libs/"
| #define HAVE_STDINT_H 1
| #define HAVE_STDLIB_H 1
| #define HAVE_STRING_H 1
| #define HAVE_SYS_TIME_H 1
| #define HAVE_UNISTD_H 1
| #define HAVE_FCNTL_H 1
| #define HAVE_SYS_IOCTL_H 1
| #define HAVE_TERMIOS_H 1
| #define HAVE_MALLOC_H 1
| /* end confdefs.h.  */
| #include <stdio.h>
| #ifdef HAVE_SYS_TYPES_H
| # include <sys/types.h>
| #endif
| #ifdef HAVE_SYS_STAT_H
| # include <sys/stat.h>
| #endif
| #ifdef STDC_HEADERS
| # include <stdlib.h>
| # include <stddef.h>
| #else
| # ifdef HAVE_STDLIB_H
| #  include <stdlib.h>
| # endif
| #endif
| #ifdef HAVE_STRING_H
| # if !defined STDC_HEADERS && defined HAVE_MEMORY_H
| #  include <memory.h>
| # endif
| # include <string.h>
| #endif
| #ifdef HAVE_STRINGS_H
| # include <strings.h>
| #endif
| #ifdef HAVE_INTTYPES_H
| # include <inttypes.h>
| #endif
| #ifdef HAVE_STDINT_H
| # include <stdint.h>
| #endif
| #ifdef HAVE_UNISTD_H
| # include <unistd.h>
| #endif
| int
| main ()
| {
| if (sizeof ((_Bool)))
| 	    return 0;
|   ;
|   return 0;
| }
configure:11720: result: yes
configure:11731: checking for inline
configure:11747: gcc -c -g -O2  conftest.c >&5
configure:11747: $? = 0
configure:11755: result: inline
configure:11773: checking for int32_t
configure:11773: gcc -c -g -O2  conftest.c >&5
configure:11773: $? = 0
configure:11773: gcc -c -g -O2  conftest.c >&5
conftest.c: In function 'main':
conftest.c:71:53: warning: integer overflow in expression of type 'int' results in '-2147483648' [-Woverflow]
   71 |    < (int32_t) (((((int32_t) 1 << N) << N) - 1) * 2 + 2))];
      |                                                     ^
conftest.c:70:12: error: storage size of 'test_array' isn't constant
   70 | static int test_array [1 - 2 * !((int32_t) (((((int32_t) 1 << N) << N) - 1) * 2 + 1)
      |            ^~~~~~~~~~
configure:11773: $? = 1
configure: failed program was:
| /* confdefs.h */
| #define PACKAGE_NAME "libnfc_nci_linux"
| #define PACKAGE_TARNAME "libnfc_nci_linux"
| #define PACKAGE_VERSION "1.0"
| #define PACKAGE_STRING "libnfc_nci_linux 1.0"
| #define PACKAGE_BUGREPORT ""
| #define PACKAGE_URL ""
| #define PACKAGE "libnfc_nci_linux"
| #define VERSION "1.0"
| #define STDC_HEADERS 1
| #define HAVE_SYS_TYPES_H 1
| #define HAVE_SYS_STAT_H 1
| #define HAVE_STDLIB_H 1
| #define HAVE_STRING_H 1
| #define HAVE_MEMORY_H 1
| #define HAVE_STRINGS_H 1
| #define HAVE_INTTYPES_H 1
| #define HAVE_STDINT_H 1
| #define HAVE_UNISTD_H 1
| #define HAVE_DLFCN_H 1
| #define LT_OBJDIR ".libs/"
| #define HAVE_STDINT_H 1
| #define HAVE_STDLIB_H 1
| #define HAVE_STRING_H 1
| #define HAVE_SYS_TIME_H 1
| #define HAVE_UNISTD_H 1
| #define HAVE_FCNTL_H 1
| #define HAVE_SYS_IOCTL_H 1
| #define HAVE_TERMIOS_H 1
| #define HAVE_MALLOC_H 1
| #define HAVE__BOOL 1
| /* end confdefs.h.  */
| #include <stdio.h>
| #ifdef HAVE_SYS_TYPES_H
| # include <sys/types.h>
| #endif
| #ifdef HAVE_SYS_STAT_H
| # include <sys/stat.h>
| #endif
| #ifdef STDC_HEADERS
| # include <stdlib.h>
| # include <stddef.h>
| #else
| # ifdef HAVE_STDLIB_H
| #  include <stdlib.h>
| # endif
| #endif
| #ifdef HAVE_STRING_H
| # if !defined STDC_HEADERS && defined HAVE_MEMORY_H
| #  include <memory.h>
| # endif
| # include <string.h>
| #endif
| #ifdef HAVE_STRINGS_H
| # include <strings.h>
| #endif
| #ifdef HAVE_INTTYPES_H
| # include <inttypes.h>
| #endif
| #ifdef HAVE_STDINT_H
| # include <stdint.h>
| #endif
| #ifdef HAVE_UNISTD_H
| # include <unistd.h>
| #endif
| 	        enum { N = 32 / 2 - 1 };
| int
| main ()
| {
| static int test_array [1 - 2 * !((int32_t) (((((int32_t) 1 << N) << N) - 1) * 2 + 1)
| 		 < (int32_t) (((((int32_t) 1 << N) << N) - 1) * 2 + 2))];
| test_array [0] = 0;
| return test_array [0];
| 
|   ;
|   return 0;
| }
configure:11773: result: yes
configure:11784: checking for size_t
configure:11784: gcc -c -g -O2  conftest.c >&5
configure:11784: $? = 0
configure:11784: gcc -c -g -O2  conftest.c >&5
conftest.c: In function 'main':
conftest.c:69:21: error: expected expression before ')' token
   69 | if (sizeof ((size_t)))
      |                     ^
configure:11784: $? = 1
configure: failed program was:
| /* confdefs.h */
| #define PACKAGE_NAME "libnfc_nci_linux"
| #define PACKAGE_TARNAME "libnfc_nci_linux"
| #define PACKAGE_VERSION "1.0"
| #define PACKAGE_STRING "libnfc_nci_linux 1.0"
| #define PACKAGE_BUGREPORT ""
| #define PACKAGE_URL ""
| #define PACKAGE "libnfc_nci_linux"
| #define VERSION "1.0"
| #define STDC_HEADERS 1
| #define HAVE_SYS_TYPES_H 1
| #define HAVE_SYS_STAT_H 1
| #define HAVE_STDLIB_H 1
| #define HAVE_STRING_H 1
| #define HAVE_MEMORY_H 1
| #define HAVE_STRINGS_H 1
| #define HAVE_INTTYPES_H 1
| #define HAVE_STDINT_H 1
| #define HAVE_UNISTD_H 1
| #define HAVE_DLFCN_H 1
| #define LT_OBJDIR ".libs/"
| #define HAVE_STDINT_H 1
| #define HAVE_STDLIB_H 1
| #define HAVE_STRING_H 1
| #define HAVE_SYS_TIME_H 1
| #define HAVE_UNISTD_H 1
| #define HAVE_FCNTL_H 1
| #define HAVE_SYS_IOCTL_H 1
| #define HAVE_TERMIOS_H 1
| #define HAVE_MALLOC_H 1
| #define HAVE__BOOL 1
| /* end confdefs.h.  */
| #include <stdio.h>
| #ifdef HAVE_SYS_TYPES_H
| # include <sys/types.h>
| #endif
| #ifdef HAVE_SYS_STAT_H
| # include <sys/stat.h>
| #endif
| #ifdef STDC_HEADERS
| # include <stdlib.h>
| # include <stddef.h>
| #else
| # ifdef HAVE_STDLIB_H
| #  include <stdlib.h>
| # endif
| #endif
| #ifdef HAVE_STRING_H
| # if !defined STDC_HEADERS && defined HAVE_MEMORY_H
| #  include <memory.h>
| # endif
| # include <string.h>
| #endif
| #ifdef HAVE_STRINGS_H
| # include <strings.h>
| #endif
| #ifdef HAVE_INTTYPES_H
| # include <inttypes.h>
| #endif
| #ifdef HAVE_STDINT_H
| # include <stdint.h>
| #endif
| #ifdef HAVE_UNISTD_H
| # include <unistd.h>
| #endif
| int
| main ()
| {
| if (sizeof ((size_t)))
| 	    return 0;
|   ;
|   return 0;
| }
configure:11784: result: yes
configure:11795: checking for uint16_t
configure:11795: gcc -c -g -O2  conftest.c >&5
configure:11795: $? = 0
configure:11795: result: yes
configure:11807: checking for uint32_t
configure:11807: gcc -c -g -O2  conftest.c >&5
configure:11807: $? = 0
configure:11807: result: yes
configure:11821: checking for uint64_t
configure:11821: gcc -c -g -O2  conftest.c >&5
configure:11821: $? = 0
configure:11821: result: yes
configure:11835: checking for uint8_t
configure:11835: gcc -c -g -O2  conftest.c >&5
configure:11835: $? = 0
configure:11835: result: yes
configure:11849: checking for int16_t
configure:11849: gcc -c -g -O2  conftest.c >&5
configure:11849: $? = 0
configure:11849: gcc -c -g -O2  conftest.c >&5
conftest.c: In function 'main':
conftest.c:70:12: error: size of array 'test_array' is negative
   70 | static int test_array [1 - 2 * !((int16_t) (((((int16_t) 1 << N) << N) - 1) * 2 + 1)
      |            ^~~~~~~~~~
configure:11849: $? = 1
configure: failed program was:
| /* confdefs.h */
| #define PACKAGE_NAME "libnfc_nci_linux"
| #define PACKAGE_TARNAME "libnfc_nci_linux"
| #define PACKAGE_VERSION "1.0"
| #define PACKAGE_STRING "libnfc_nci_linux 1.0"
| #define PACKAGE_BUGREPORT ""
| #define PACKAGE_URL ""
| #define PACKAGE "libnfc_nci_linux"
| #define VERSION "1.0"
| #define STDC_HEADERS 1
| #define HAVE_SYS_TYPES_H 1
| #define HAVE_SYS_STAT_H 1
| #define HAVE_STDLIB_H 1
| #define HAVE_STRING_H 1
| #define HAVE_MEMORY_H 1
| #define HAVE_STRINGS_H 1
| #define HAVE_INTTYPES_H 1
| #define HAVE_STDINT_H 1
| #define HAVE_UNISTD_H 1
| #define HAVE_DLFCN_H 1
| #define LT_OBJDIR ".libs/"
| #define HAVE_STDINT_H 1
| #define HAVE_STDLIB_H 1
| #define HAVE_STRING_H 1
| #define HAVE_SYS_TIME_H 1
| #define HAVE_UNISTD_H 1
| #define HAVE_FCNTL_H 1
| #define HAVE_SYS_IOCTL_H 1
| #define HAVE_TERMIOS_H 1
| #define HAVE_MALLOC_H 1
| #define HAVE__BOOL 1
| /* end confdefs.h.  */
| #include <stdio.h>
| #ifdef HAVE_SYS_TYPES_H
| # include <sys/types.h>
| #endif
| #ifdef HAVE_SYS_STAT_H
| # include <sys/stat.h>
| #endif
| #ifdef STDC_HEADERS
| # include <stdlib.h>
| # include <stddef.h>
| #else
| # ifdef HAVE_STDLIB_H
| #  include <stdlib.h>
| # endif
| #endif
| #ifdef HAVE_STRING_H
| # if !defined STDC_HEADERS && defined HAVE_MEMORY_H
| #  include <memory.h>
| # endif
| # include <string.h>
| #endif
| #ifdef HAVE_STRINGS_H
| # include <strings.h>
| #endif
| #ifdef HAVE_INTTYPES_H
| # include <inttypes.h>
| #endif
| #ifdef HAVE_STDINT_H
| # include <stdint.h>
| #endif
| #ifdef HAVE_UNISTD_H
| # include <unistd.h>
| #endif
| 	        enum { N = 16 / 2 - 1 };
| int
| main ()
| {
| static int test_array [1 - 2 * !((int16_t) (((((int16_t) 1 << N) << N) - 1) * 2 + 1)
| 		 < (int16_t) (((((int16_t) 1 << N) << N) - 1) * 2 + 2))];
| test_array [0] = 0;
| return test_array [0];
| 
|   ;
|   return 0;
| }
configure:11849: result: yes
configure:11860: checking for int8_t
configure:11860: gcc -c -g -O2  conftest.c >&5
configure:11860: $? = 0
configure:11860: gcc -c -g -O2  conftest.c >&5
conftest.c: In function 'main':
conftest.c:70:12: error: size of array 'test_array' is negative
   70 | static int test_array [1 - 2 * !((int8_t) (((((int8_t) 1 << N) << N) - 1) * 2 + 1)
      |            ^~~~~~~~~~
configure:11860: $? = 1
configure: failed program was:
| /* confdefs.h */
| #define PACKAGE_NAME "libnfc_nci_linux"
| #define PACKAGE_TARNAME "libnfc_nci_linux"
| #define PACKAGE_VERSION "1.0"
| #define PACKAGE_STRING "libnfc_nci_linux 1.0"
| #define PACKAGE_BUGREPORT ""
| #define PACKAGE_URL ""
| #define PACKAGE "libnfc_nci_linux"
| #define VERSION "1.0"
| #define STDC_HEADERS 1
| #define HAVE_SYS_TYPES_H 1
| #define HAVE_SYS_STAT_H 1
| #define HAVE_STDLIB_H 1
| #define HAVE_STRING_H 1
| #define HAVE_MEMORY_H 1
| #define HAVE_STRINGS_H 1
| #define HAVE_INTTYPES_H 1
| #define HAVE_STDINT_H 1
| #define HAVE_UNISTD_H 1
| #define HAVE_DLFCN_H 1
| #define LT_OBJDIR ".libs/"
| #define HAVE_STDINT_H 1
| #define HAVE_STDLIB_H 1
| #define HAVE_STRING_H 1
| #define HAVE_SYS_TIME_H 1
| #define HAVE_UNISTD_H 1
| #define HAVE_FCNTL_H 1
| #define HAVE_SYS_IOCTL_H 1
| #define HAVE_TERMIOS_H 1
| #define HAVE_MALLOC_H 1
| #define HAVE__BOOL 1
| /* end confdefs.h.  */
| #include <stdio.h>
| #ifdef HAVE_SYS_TYPES_H
| # include <sys/types.h>
| #endif
| #ifdef HAVE_SYS_STAT_H
| # include <sys/stat.h>
| #endif
| #ifdef STDC_HEADERS
| # include <stdlib.h>
| # include <stddef.h>
| #else
| # ifdef HAVE_STDLIB_H
| #  include <stdlib.h>
| # endif
| #endif
| #ifdef HAVE_STRING_H
| # if !defined STDC_HEADERS && defined HAVE_MEMORY_H
| #  include <memory.h>
| # endif
| # include <string.h>
| #endif
| #ifdef HAVE_STRINGS_H
| # include <strings.h>
| #endif
| #ifdef HAVE_INTTYPES_H
| # include <inttypes.h>
| #endif
| #ifdef HAVE_STDINT_H
| # include <stdint.h>
| #endif
| #ifdef HAVE_UNISTD_H
| # include <unistd.h>
| #endif
| 	        enum { N = 8 / 2 - 1 };
| int
| main ()
| {
| static int test_array [1 - 2 * !((int8_t) (((((int8_t) 1 << N) << N) - 1) * 2 + 1)
| 		 < (int8_t) (((((int8_t) 1 << N) << N) - 1) * 2 + 2))];
| test_array [0] = 0;
| return test_array [0];
| 
|   ;
|   return 0;
| }
configure:11860: result: yes
configure:11871: checking for ssize_t
configure:11871: gcc -c -g -O2  conftest.c >&5
configure:11871: $? = 0
configure:11871: gcc -c -g -O2  conftest.c >&5
conftest.c: In function 'main':
conftest.c:69:22: error: expected expression before ')' token
   69 | if (sizeof ((ssize_t)))
      |                      ^
configure:11871: $? = 1
configure: failed program was:
| /* confdefs.h */
| #define PACKAGE_NAME "libnfc_nci_linux"
| #define PACKAGE_TARNAME "libnfc_nci_linux"
| #define PACKAGE_VERSION "1.0"
| #define PACKAGE_STRING "libnfc_nci_linux 1.0"
| #define PACKAGE_BUGREPORT ""
| #define PACKAGE_URL ""
| #define PACKAGE "libnfc_nci_linux"
| #define VERSION "1.0"
| #define STDC_HEADERS 1
| #define HAVE_SYS_TYPES_H 1
| #define HAVE_SYS_STAT_H 1
| #define HAVE_STDLIB_H 1
| #define HAVE_STRING_H 1
| #define HAVE_MEMORY_H 1
| #define HAVE_STRINGS_H 1
| #define HAVE_INTTYPES_H 1
| #define HAVE_STDINT_H 1
| #define HAVE_UNISTD_H 1
| #define HAVE_DLFCN_H 1
| #define LT_OBJDIR ".libs/"
| #define HAVE_STDINT_H 1
| #define HAVE_STDLIB_H 1
| #define HAVE_STRING_H 1
| #define HAVE_SYS_TIME_H 1
| #define HAVE_UNISTD_H 1
| #define HAVE_FCNTL_H 1
| #define HAVE_SYS_IOCTL_H 1
| #define HAVE_TERMIOS_H 1
| #define HAVE_MALLOC_H 1
| #define HAVE__BOOL 1
| /* end confdefs.h.  */
| #include <stdio.h>
| #ifdef HAVE_SYS_TYPES_H
| # include <sys/types.h>
| #endif
| #ifdef HAVE_SYS_STAT_H
| # include <sys/stat.h>
| #endif
| #ifdef STDC_HEADERS
| # include <stdlib.h>
| # include <stddef.h>
| #else
| # ifdef HAVE_STDLIB_H
| #  include <stdlib.h>
| # endif
| #endif
| #ifdef HAVE_STRING_H
| # if !defined STDC_HEADERS && defined HAVE_MEMORY_H
| #  include <memory.h>
| # endif
| # include <string.h>
| #endif
| #ifdef HAVE_STRINGS_H
| # include <strings.h>
| #endif
| #ifdef HAVE_INTTYPES_H
| # include <inttypes.h>
| #endif
| #ifdef HAVE_STDINT_H
| # include <stdint.h>
| #endif
| #ifdef HAVE_UNISTD_H
| # include <unistd.h>
| #endif
| int
| main ()
| {
| if (sizeof ((ssize_t)))
| 	    return 0;
|   ;
|   return 0;
| }
configure:11871: result: yes
configure:11886: checking for stdlib.h
configure:11886: result: yes
configure:11896: checking for GNU libc compatible malloc
configure:11920: gcc -o conftest -g -O2   conftest.c  >&5
configure:11920: $? = 0
configure:11920: ./conftest
configure:11920: $? = 0
configure:11930: result: yes
configure:11953: checking for stdlib.h
configure:11953: result: yes
configure:11963: checking for GNU libc compatible realloc
configure:11987: gcc -o conftest -g -O2   conftest.c  >&5
configure:11987: $? = 0
configure:11987: ./conftest
configure:11987: $? = 0
configure:11997: result: yes
configure:12020: checking for stdlib.h
configure:12020: result: yes
configure:12030: checking for GNU libc compatible malloc
configure:12064: result: yes
configure:12074: checking for gettimeofday
configure:12074: gcc -o conftest -g -O2   conftest.c  >&5
configure:12074: $? = 0
configure:12074: result: yes
configure:12074: checking for memmove
configure:12074: gcc -o conftest -g -O2   conftest.c  >&5
conftest.c:62:6: warning: conflicting types for built-in function 'memmove'; expected 'void *(void *, const void *, long unsigned int)' [-Wbuiltin-declaration-mismatch]
   62 | char memmove ();
      |      ^~~~~~~
conftest.c:50:1: note: 'memmove' is declared in header '<string.h>'
   49 | # include <limits.h>
   50 | #else
configure:12074: $? = 0
configure:12074: result: yes
configure:12074: checking for memset
configure:12074: gcc -o conftest -g -O2   conftest.c  >&5
conftest.c:63:6: warning: conflicting types for built-in function 'memset'; expected 'void *(void *, int,  long unsigned int)' [-Wbuiltin-declaration-mismatch]
   63 | char memset ();
      |      ^~~~~~
conftest.c:51:1: note: 'memset' is declared in header '<string.h>'
   50 | # include <limits.h>
   51 | #else
configure:12074: $? = 0
configure:12074: result: yes
configure:12074: checking for strerror
configure:12074: gcc -o conftest -g -O2   conftest.c  >&5
configure:12074: $? = 0
configure:12074: result: yes
configure:12074: checking for strstr
configure:12074: gcc -o conftest -g -O2   conftest.c  >&5
conftest.c:65:6: warning: conflicting types for built-in function 'strstr'; expected 'char *(const char *, const char *)' [-Wbuiltin-declaration-mismatch]
   65 | char strstr ();
      |      ^~~~~~
conftest.c:53:1: note: 'strstr' is declared in header '<string.h>'
   52 | # include <limits.h>
   53 | #else
configure:12074: $? = 0
configure:12074: result: yes
configure:12085: checking for clock_gettime
configure:12085: gcc -o conftest -g -O2   conftest.c  >&5
configure:12085: $? = 0
configure:12085: result: yes
configure:12096: checking for select
configure:12096: gcc -o conftest -g -O2   conftest.c  >&5
configure:12096: $? = 0
configure:12096: result: yes
configure:12107: checking for dlopen
configure:12107: gcc -o conftest -g -O2   conftest.c  >&5
/usr/bin/ld: /tmp/ccq8znjm.o: in function `main':
/home/pi/nfc_pn7150/linux_libnfc-nci/conftest.c:79: undefined reference to `dlopen'
collect2: error: ld returned 1 exit status
configure:12107: $? = 1
configure: failed program was:
| /* confdefs.h */
| #define PACKAGE_NAME "libnfc_nci_linux"
| #define PACKAGE_TARNAME "libnfc_nci_linux"
| #define PACKAGE_VERSION "1.0"
| #define PACKAGE_STRING "libnfc_nci_linux 1.0"
| #define PACKAGE_BUGREPORT ""
| #define PACKAGE_URL ""
| #define PACKAGE "libnfc_nci_linux"
| #define VERSION "1.0"
| #define STDC_HEADERS 1
| #define HAVE_SYS_TYPES_H 1
| #define HAVE_SYS_STAT_H 1
| #define HAVE_STDLIB_H 1
| #define HAVE_STRING_H 1
| #define HAVE_MEMORY_H 1
| #define HAVE_STRINGS_H 1
| #define HAVE_INTTYPES_H 1
| #define HAVE_STDINT_H 1
| #define HAVE_UNISTD_H 1
| #define HAVE_DLFCN_H 1
| #define LT_OBJDIR ".libs/"
| #define HAVE_STDINT_H 1
| #define HAVE_STDLIB_H 1
| #define HAVE_STRING_H 1
| #define HAVE_SYS_TIME_H 1
| #define HAVE_UNISTD_H 1
| #define HAVE_FCNTL_H 1
| #define HAVE_SYS_IOCTL_H 1
| #define HAVE_TERMIOS_H 1
| #define HAVE_MALLOC_H 1
| #define HAVE__BOOL 1
| #define HAVE_STDLIB_H 1
| #define HAVE_MALLOC 1
| #define HAVE_STDLIB_H 1
| #define HAVE_REALLOC 1
| #define HAVE_STDLIB_H 1
| #define HAVE_GETTIMEOFDAY 1
| #define HAVE_MEMMOVE 1
| #define HAVE_MEMSET 1
| #define HAVE_STRERROR 1
| #define HAVE_STRSTR 1
| #define HAVE_CLOCK_GETTIME 1
| #define HAVE_SELECT 1
| /* end confdefs.h.  */
| /* Define dlopen to an innocuous variant, in case <limits.h> declares dlopen.
|    For example, HP-UX 11i <limits.h> declares gettimeofday.  */
| #define dlopen innocuous_dlopen
| 
| /* System header to define __stub macros and hopefully few prototypes,
|     which can conflict with char dlopen (); below.
|     Prefer <limits.h> to <assert.h> if __STDC__ is defined, since
|     <limits.h> exists even on freestanding compilers.  */
| 
| #ifdef __STDC__
| # include <limits.h>
| #else
| # include <assert.h>
| #endif
| 
| #undef dlopen
| 
| /* Override any GCC internal prototype to avoid an error.
|    Use char because int might match the return type of a GCC
|    builtin and then its argument prototype would still apply.  */
| #ifdef __cplusplus
| extern "C"
| #endif
| char dlopen ();
| /* The GNU C library defines this for functions which it implements
|     to always fail with ENOSYS.  Some functions are actually named
|     something starting with __ and the normal name is an alias.  */
| #if defined __stub_dlopen || defined __stub___dlopen
| choke me
| #endif
| 
| int
| main ()
| {
| return dlopen ();
|   ;
|   return 0;
| }
configure:12107: result: no
configure:12286: checking for pkg-config
configure:12304: found /usr/bin/pkg-config
configure:12316: result: /usr/bin/pkg-config
configure:12341: checking pkg-config is at least version 0.9.0
configure:12344: result: yes
configure:12361: checking for UDEV
configure:12368: $PKG_CONFIG --exists --print-errors "libudev"
configure:12371: $? = 0
configure:12385: $PKG_CONFIG --exists --print-errors "libudev"
configure:12388: $? = 0
configure:12428: result: yes
configure:12430: libudev present
configure:12442: checking libudev.h usability
configure:12442: gcc -c  -O2  conftest.c >&5
configure:12442: $? = 0
configure:12442: result: yes
configure:12442: checking libudev.h presence
configure:12442: gcc -E  conftest.c
configure:12442: $? = 0
configure:12442: result: yes
configure:12442: checking for libudev.h
configure:12442: result: yes
configure:12480: LLCP1.3 support is disabled (no secure P2P)
configure:12499: Selected TML is LPCUSBSIO
configure:12665: checking that generated files are newer than configure
configure:12671: result: done
configure:12738: creating ./config.status

## ---------------------- ##
## Running config.status. ##
## ---------------------- ##

This file was extended by libnfc_nci_linux config.status 1.0, which was
generated by GNU Autoconf 2.69.  Invocation command line was

  CONFIG_FILES    = 
  CONFIG_HEADERS  = 
  CONFIG_LINKS    = 
  CONFIG_COMMANDS = 
  $ ./config.status 

on mio2361-desktop

config.status:1191: creating Makefile
config.status:1191: creating libnfc-nci.pc
config.status:1191: creating config.h
config.status:1420: executing depfiles commands
config.status:1497: cd .       && sed -e '/# am--include-marker/d' Makefile         | make -f - am--depfiles
make: Nothing to be done for 'am--depfiles'.
config.status:1502: $? = 0
config.status:1420: executing libtool commands

## ---------------- ##
## Cache variables. ##
## ---------------- ##

ac_cv_build=x86_64-pc-linux-gnu
ac_cv_c_compiler_gnu=yes
ac_cv_c_inline=inline
ac_cv_c_int16_t=yes
ac_cv_c_int32_t=yes
ac_cv_c_int8_t=yes
ac_cv_c_uint16_t=yes
ac_cv_c_uint32_t=yes
ac_cv_c_uint64_t=yes
ac_cv_c_uint8_t=yes
ac_cv_cxx_compiler_gnu=yes
ac_cv_env_CCC_set=
ac_cv_env_CCC_value=
ac_cv_env_CC_set=
ac_cv_env_CC_value=
ac_cv_env_CFLAGS_set=
ac_cv_env_CFLAGS_value=
ac_cv_env_CPPFLAGS_set=
ac_cv_env_CPPFLAGS_value=
ac_cv_env_CPP_set=
ac_cv_env_CPP_value=
ac_cv_env_CXXCPP_set=
ac_cv_env_CXXCPP_value=
ac_cv_env_CXXFLAGS_set=
ac_cv_env_CXXFLAGS_value=
ac_cv_env_CXX_set=
ac_cv_env_CXX_value=
ac_cv_env_LDFLAGS_set=
ac_cv_env_LDFLAGS_value=
ac_cv_env_LIBS_set=
ac_cv_env_LIBS_value=
ac_cv_env_LT_SYS_LIBRARY_PATH_set=
ac_cv_env_LT_SYS_LIBRARY_PATH_value=
ac_cv_env_PKG_CONFIG_LIBDIR_set=
ac_cv_env_PKG_CONFIG_LIBDIR_value=
ac_cv_env_PKG_CONFIG_PATH_set=
ac_cv_env_PKG_CONFIG_PATH_value=
ac_cv_env_PKG_CONFIG_set=
ac_cv_env_PKG_CONFIG_value=
ac_cv_env_UDEV_CFLAGS_set=
ac_cv_env_UDEV_CFLAGS_value=
ac_cv_env_UDEV_LIBS_set=
ac_cv_env_UDEV_LIBS_value=
ac_cv_env_build_alias_set=
ac_cv_env_build_alias_value=
ac_cv_env_host_alias_set=
ac_cv_env_host_alias_value=
ac_cv_env_openssldir_set=
ac_cv_env_openssldir_value=
ac_cv_env_target_alias_set=
ac_cv_env_target_alias_value=
ac_cv_func_clock_gettime=yes
ac_cv_func_dlopen=no
ac_cv_func_gettimeofday=yes
ac_cv_func_malloc_0_nonnull=yes
ac_cv_func_memmove=yes
ac_cv_func_memset=yes
ac_cv_func_realloc_0_nonnull=yes
ac_cv_func_select=yes
ac_cv_func_strerror=yes
ac_cv_func_strstr=yes
ac_cv_header_dlfcn_h=yes
ac_cv_header_fcntl_h=yes
ac_cv_header_inttypes_h=yes
ac_cv_header_libudev_h=yes
ac_cv_header_malloc_h=yes
ac_cv_header_memory_h=yes
ac_cv_header_stdbool_h=yes
ac_cv_header_stdc=yes
ac_cv_header_stdint_h=yes
ac_cv_header_stdlib_h=yes
ac_cv_header_string_h=yes
ac_cv_header_strings_h=yes
ac_cv_header_sys_ioctl_h=yes
ac_cv_header_sys_stat_h=yes
ac_cv_header_sys_time_h=yes
ac_cv_header_sys_types_h=yes
ac_cv_header_termios_h=yes
ac_cv_header_unistd_h=yes
ac_cv_host=x86_64-pc-linux-gnu
ac_cv_objext=o
ac_cv_path_EGREP='/usr/bin/grep -E'
ac_cv_path_FGREP='/usr/bin/grep -F'
ac_cv_path_GREP=/usr/bin/grep
ac_cv_path_SED=/usr/bin/sed
ac_cv_path_ac_pt_PKG_CONFIG=/usr/bin/pkg-config
ac_cv_path_install='/usr/bin/install -c'
ac_cv_path_lt_DD=/usr/bin/dd
ac_cv_path_mkdir=/usr/bin/mkdir
ac_cv_prog_AWK=mawk
ac_cv_prog_CPP='gcc -E'
ac_cv_prog_CXXCPP='g++ -E'
ac_cv_prog_ac_ct_AR=ar
ac_cv_prog_ac_ct_CC=gcc
ac_cv_prog_ac_ct_CXX=g++
ac_cv_prog_ac_ct_MANIFEST_TOOL=mt
ac_cv_prog_ac_ct_OBJDUMP=objdump
ac_cv_prog_ac_ct_RANLIB=ranlib
ac_cv_prog_ac_ct_STRIP=strip
ac_cv_prog_cc_c89=
ac_cv_prog_cc_g=yes
ac_cv_prog_cxx_g=yes
ac_cv_prog_make_make_set=yes
ac_cv_type__Bool=yes
ac_cv_type_size_t=yes
ac_cv_type_ssize_t=yes
am_cv_CC_dependencies_compiler_type=gcc3
am_cv_CXX_dependencies_compiler_type=gcc3
am_cv_make_support_nested_variables=yes
am_cv_prog_cc_c_o=yes
lt_cv_ar_at_file=@
lt_cv_archive_cmds_need_lc=no
lt_cv_deplibs_check_method=pass_all
lt_cv_file_magic_cmd='$MAGIC_CMD'
lt_cv_file_magic_test_file=
lt_cv_ld_reload_flag=-r
lt_cv_nm_interface='BSD nm'
lt_cv_objdir=.libs
lt_cv_path_LD=/usr/bin/ld
lt_cv_path_LDCXX='/usr/bin/ld -m elf_x86_64'
lt_cv_path_NM='/usr/bin/nm -B'
lt_cv_path_mainfest_tool=no
lt_cv_prog_compiler_c_o=yes
lt_cv_prog_compiler_c_o_CXX=yes
lt_cv_prog_compiler_pic='-fPIC -DPIC'
lt_cv_prog_compiler_pic_CXX='-fPIC -DPIC'
lt_cv_prog_compiler_pic_works=yes
lt_cv_prog_compiler_pic_works_CXX=yes
lt_cv_prog_compiler_rtti_exceptions=no
lt_cv_prog_compiler_static_works=yes
lt_cv_prog_compiler_static_works_CXX=yes
lt_cv_prog_gnu_ld=yes
lt_cv_prog_gnu_ldcxx=yes
lt_cv_sharedlib_from_linklib_cmd='printf %s\n'
lt_cv_shlibpath_overrides_runpath=yes
lt_cv_sys_global_symbol_pipe='sed -n -e '\''s/^.*[	 ]\([ABCDGIRSTW][ABCDGIRSTW]*\)[	 ][	 ]*\([_A-Za-z][_A-Za-z0-9]*\)$/\1 \2 \2/p'\'' | sed '\''/ __gnu_lto/d'\'''
lt_cv_sys_global_symbol_to_c_name_address='sed -n -e '\''s/^: \(.*\) .*$/  {"\1", (void *) 0},/p'\'' -e '\''s/^[ABCDGIRSTW][ABCDGIRSTW]* .* \(.*\)$/  {"\1", (void *) \&\1},/p'\'''
lt_cv_sys_global_symbol_to_c_name_address_lib_prefix='sed -n -e '\''s/^: \(.*\) .*$/  {"\1", (void *) 0},/p'\'' -e '\''s/^[ABCDGIRSTW][ABCDGIRSTW]* .* \(lib.*\)$/  {"\1", (void *) \&\1},/p'\'' -e '\''s/^[ABCDGIRSTW][ABCDGIRSTW]* .* \(.*\)$/  {"lib\1", (void *) \&\1},/p'\'''
lt_cv_sys_global_symbol_to_cdecl='sed -n -e '\''s/^T .* \(.*\)$/extern int \1();/p'\'' -e '\''s/^[ABCDGIRSTW][ABCDGIRSTW]* .* \(.*\)$/extern char \1;/p'\'''
lt_cv_sys_global_symbol_to_import=
lt_cv_sys_max_cmd_len=1572864
lt_cv_to_host_file_cmd=func_convert_file_noop
lt_cv_to_tool_file_cmd=func_convert_file_noop
lt_cv_truncate_bin='/usr/bin/dd bs=4096 count=1'
pkg_cv_UDEV_CFLAGS=
pkg_cv_UDEV_LIBS=-ludev

## ----------------- ##
## Output variables. ##
## ----------------- ##

ABEND_FALSE=''
ABEND_TRUE='#'
ACLOCAL='${SHELL} /home/pi/nfc_pn7150/linux_libnfc-nci/missing aclocal-1.16'
ALT_FALSE=''
ALT_TRUE='#'
AMDEPBACKSLASH='\'
AMDEP_FALSE='#'
AMDEP_TRUE=''
AMTAR='$${TAR-tar}'
AM_BACKSLASH='\'
AM_DEFAULT_V='$(AM_DEFAULT_VERBOSITY)'
AM_DEFAULT_VERBOSITY='1'
AM_V='$(V)'
AR='ar'
AUTOCONF='${SHELL} /home/pi/nfc_pn7150/linux_libnfc-nci/missing autoconf'
AUTOHEADER='${SHELL} /home/pi/nfc_pn7150/linux_libnfc-nci/missing autoheader'
AUTOMAKE='${SHELL} /home/pi/nfc_pn7150/linux_libnfc-nci/missing automake-1.16'
AWK='mawk'
CC='gcc'
CCDEPMODE='depmode=gcc3'
CFLAGS=' -O2'
CPP='gcc -E'
CPPFLAGS=''
CXX='g++'
CXXCPP='g++ -E'
CXXDEPMODE='depmode=gcc3'
CXXFLAGS=' -O2'
CYGPATH_W='echo'
DEBUG_FALSE=''
DEBUG_TRUE='#'
DEFS='-DHAVE_CONFIG_H'
DEPDIR='.deps'
DLLTOOL='false'
DSYMUTIL=''
DUMPBIN=''
ECHO_C=''
ECHO_N='-n'
ECHO_T=''
EGREP='/usr/bin/grep -E'
EXEEXT=''
FGREP='/usr/bin/grep -F'
GREP='/usr/bin/grep'
I2C_FALSE=''
I2C_TRUE='#'
INSTALL_DATA='${INSTALL} -m 644'
INSTALL_PROGRAM='${INSTALL}'
INSTALL_SCRIPT='${INSTALL}'
INSTALL_STRIP_PROGRAM='$(install_sh) -c -s'
LD='/usr/bin/ld -m elf_x86_64'
LDFLAGS=''
LIBOBJS=''
LIBS=''
LIBTOOL='$(SHELL) $(top_builddir)/libtool'
LIPO=''
LLCP1_3_ENABLED_FALSE='#'
LLCP1_3_ENABLED_TRUE=''
LLCP1_3_FALSE=''
LLCP1_3_TRUE='#'
LN_S='ln -s'
LPCUSBSIO_FALSE='#'
LPCUSBSIO_TRUE=''
LTLIBOBJS=''
LT_SYS_LIBRARY_PATH=''
MAKEINFO='${SHELL} /home/pi/nfc_pn7150/linux_libnfc-nci/missing makeinfo'
MANIFEST_TOOL=':'
MKDIR_P='/usr/bin/mkdir -p'
NM='/usr/bin/nm -B'
NMEDIT=''
OBJDUMP='objdump'
OBJEXT='o'
OTOOL64=''
OTOOL=''
PACKAGE='libnfc_nci_linux'
PACKAGE_BUGREPORT=''
PACKAGE_NAME='libnfc_nci_linux'
PACKAGE_STRING='libnfc_nci_linux 1.0'
PACKAGE_TARNAME='libnfc_nci_linux'
PACKAGE_URL=''
PACKAGE_VERSION='1.0'
PATH_SEPARATOR=':'
PKG_CONFIG='/usr/bin/pkg-config'
PKG_CONFIG_LIBDIR=''
PKG_CONFIG_PATH=''
RANLIB='ranlib'
SED='/usr/bin/sed'
SET_MAKE=''
SHELL='/bin/bash'
STRIP='strip'
TML_SEL_NOK_FALSE='#'
TML_SEL_NOK_TRUE=''
TML_SEL_ONE_FALSE='#'
TML_SEL_ONE_TRUE=''
UDEV_CFLAGS=''
UDEV_LIBS='-ludev'
VERSION='1.0'
ac_ct_AR='ar'
ac_ct_CC='gcc'
ac_ct_CXX='g++'
ac_ct_DUMPBIN=''
am__EXEEXT_FALSE=''
am__EXEEXT_TRUE='#'
am__fastdepCC_FALSE='#'
am__fastdepCC_TRUE=''
am__fastdepCXX_FALSE='#'
am__fastdepCXX_TRUE=''
am__include='include'
am__isrc=''
am__leading_dot='.'
am__nodep='_no'
am__quote=''
am__tar='$${TAR-tar} chof - "$$tardir"'
am__untar='$${TAR-tar} xf -'
bindir='${exec_prefix}/bin'
build='x86_64-pc-linux-gnu'
build_alias=''
build_cpu='x86_64'
build_os='linux-gnu'
build_vendor='pc'
datadir='${datarootdir}'
datarootdir='${prefix}/share'
docdir='${datarootdir}/doc/${PACKAGE_TARNAME}'
dvidir='${docdir}'
exec_prefix='${prefix}'
host='x86_64-pc-linux-gnu'
host_alias=''
host_cpu='x86_64'
host_os='linux-gnu'
host_vendor='pc'
htmldir='${docdir}'
includedir='${prefix}/include'
infodir='${datarootdir}/info'
install_sh='${SHELL} /home/pi/nfc_pn7150/linux_libnfc-nci/install-sh'
libdir='${exec_prefix}/lib'
libexecdir='${exec_prefix}/libexec'
localedir='${datarootdir}/locale'
localstatedir='${prefix}/var'
mandir='${datarootdir}/man'
mkdir_p='$(MKDIR_P)'
oldincludedir='/usr/include'
openssldir=''
pdfdir='${docdir}'
prefix='/usr/local'
program_transform_name='s,x,x,'
psdir='${docdir}'
runstatedir='${localstatedir}/run'
sbindir='${exec_prefix}/sbin'
sharedstatedir='${prefix}/com'
sysconfdir='${prefix}/etc'
target_alias=''

## ----------- ##
## confdefs.h. ##
## ----------- ##

/* confdefs.h */
#define PACKAGE_NAME "libnfc_nci_linux"
#define PACKAGE_TARNAME "libnfc_nci_linux"
#define PACKAGE_VERSION "1.0"
#define PACKAGE_STRING "libnfc_nci_linux 1.0"
#define PACKAGE_BUGREPORT ""
#define PACKAGE_URL ""
#define PACKAGE "libnfc_nci_linux"
#define VERSION "1.0"
#define STDC_HEADERS 1
#define HAVE_SYS_TYPES_H 1
#define HAVE_SYS_STAT_H 1
#define HAVE_STDLIB_H 1
#define HAVE_STRING_H 1
#define HAVE_MEMORY_H 1
#define HAVE_STRINGS_H 1
#define HAVE_INTTYPES_H 1
#define HAVE_STDINT_H 1
#define HAVE_UNISTD_H 1
#define HAVE_DLFCN_H 1
#define LT_OBJDIR ".libs/"
#define HAVE_STDINT_H 1
#define HAVE_STDLIB_H 1
#define HAVE_STRING_H 1
#define HAVE_SYS_TIME_H 1
#define HAVE_UNISTD_H 1
#define HAVE_FCNTL_H 1
#define HAVE_SYS_IOCTL_H 1
#define HAVE_TERMIOS_H 1
#define HAVE_MALLOC_H 1
#define HAVE__BOOL 1
#define HAVE_STDLIB_H 1
#define HAVE_MALLOC 1
#define HAVE_STDLIB_H 1
#define HAVE_REALLOC 1
#define HAVE_STDLIB_H 1
#define HAVE_GETTIMEOFDAY 1
#define HAVE_MEMMOVE 1
#define HAVE_MEMSET 1
#define HAVE_STRERROR 1
#define HAVE_STRSTR 1
#define HAVE_CLOCK_GETTIME 1
#define HAVE_SELECT 1
#define HAVE_LIBUDEV_H 1

configure: exit 0
